<?xml version="1.0" encoding="UTF-8"?>
<testsuites name="jest tests" tests="2" failures="0" errors="0" time="0.302">
  <testsuite name="src/components/themed-text.test.tsx" errors="0" failures="0" skipped="0" timestamp="2025-02-21T19:56:15" time="0.21" tests="1">
    <testcase classname="" name="renders correctly" time="0.023">
    </testcase>
  </testsuite>
  <testsuite name="src/components/sum.test.tsx" errors="0" failures="0" skipped="0" timestamp="2025-02-21T19:56:16" time="0.022" tests="1">
    <testcase classname="" name="adds 1 + 2 to equal 3" time="0">
    </testcase>
  </testsuite>
</testsuites>